{"method": "session/prompt", "params": {"prompt": [{"type": "text", "text": "你好"}]}, "timestamp": "2025-12-22T03:12:25.516418Z"}
{"method": "session/prompt", "params": {"prompt": [{"type": "text", "text": "写一段python代码计算齿轮大小"}]}, "timestamp": "2025-12-22T03:14:35.136621Z"}
{"method": "session/update", "params": {"update": {"sessionUpdate": "agent_message_chunk", "content": {"type": "text", "text": "你好！有什么可以帮助你的吗？好的，我将编写一个Python程序来计算齿轮的尺寸参数。\n\n齿轮的基本尺寸通常由模数（Module）和齿数（Number of Teeth）确定。以下是基于这些参数计算齿轮主要尺寸的"}}}, "timestamp": "2025-12-22T03:14:38.158246Z"}
{"method": "session/update", "params": {"update": {"sessionUpdate": "agent_message_chunk", "content": {"type": "text", "text": "公式：\n\n*   **分度圆直径 (Pitch Diameter)**: `d = m * z`\n*   **齿顶圆直径 (Tip/Outside Diameter)**: `da = d + 2 * m"}}}, "timestamp": "2025-12-22T03:14:39.028633Z"}
{"method": "session/update", "params": {"update": {"sessionUpdate": "agent_message_chunk", "content": {"type": "text", "text": "`\n*   **齿根圆直径 (Root Diameter)**: `df = d - 2.5 * m` （此值可能因压力角和变位系数略有不同）\n*   **基圆直径 (Base Diameter)**: `"}}}, "timestamp": "2025-12-22T03:14:39.827250Z"}
{"method": "session/update", "params": {"update": {"sessionUpdate": "agent_message_chunk", "content": {"type": "text", "text": "db = d * cos(α)` （α 为压力角，标准值为 20°）\n\n下面是一个包含这些计算的Python代码，并带有基本的输入验证：\n\n```python\nimport math\n\ndef calculate"}}}, "timestamp": "2025-12-22T03:14:40.594133Z"}
{"method": "session/update", "params": {"update": {"sessionUpdate": "agent_message_chunk", "content": {"type": "text", "text": "_gear_dimensions(module, num_teeth, pressure_angle_degrees=20):\n  \"\"\"\n  计算标准直齿轮的基本尺寸。\n\n  :param module"}}}, "timestamp": "2025-12-22T03:14:41.334010Z"}
{"method": "session/update", "params": {"update": {"sessionUpdate": "agent_message_chunk", "content": {"type": "text", "text": ": 齿轮的模数 (mm)\n  :param num_teeth: 齿轮的齿数 (z)\n  :param pressure_angle_degrees: 压力角 (degrees)，默认为 20 度\n  :return:"}}}, "timestamp": "2025-12-22T03:14:42.143726Z"}
{"method": "session/update", "params": {"update": {"sessionUpdate": "agent_message_chunk", "content": {"type": "text", "text": " 包含各尺寸的字典\n  \"\"\"\n  if module <= 0:\n    raise ValueError(\"模数必须大于 0\")\n  if num_teeth <= 0:\n    raise ValueError(\"齿"}}}, "timestamp": "2025-12-22T03:14:42.548726Z"}
{"method": "session/update", "params": {"update": {"sessionUpdate": "agent_message_chunk", "content": {"type": "text", "text": "数必须大于 0\")\n\n  # 分度圆直径\n  pitch_diameter = module * num_teeth\n\n  # 齿顶圆直径\n  tip_diameter = pitch_diameter + "}}}, "timestamp": "2025-12-22T03:14:42.977531Z"}
{"method": "session/update", "params": {"update": {"sessionUpdate": "agent_message_chunk", "content": {"type": "text", "text": "2 * module\n\n  # 标准全齿高 h = ha*m + hf*m = 1*m + 1.25*m = 2.25*m\n  # 其中 ha* 为齿顶高系数 (通常为 1)，hf* 为齿根高系数 (通常"}}}, "timestamp": "2025-12-22T03:14:43.996309Z"}
{"method": "session/update", "params": {"update": {"sessionUpdate": "agent_message_chunk", "content": {"type": "text", "text": "为 1.25)\n  # 因此齿根圆直径 df = d - 2 * hf*m = d - 2 * 1.25 * m = d - 2.5*m\n  # 注意：对于非标准变位齿轮，齿根圆直径的计算会更复杂\n  root"}}}, "timestamp": "2025-12-22T03:14:44.915970Z"}
{"method": "session/update", "params": {"update": {"sessionUpdate": "agent_message_chunk", "content": {"type": "text", "text": "_diameter = pitch_diameter - 2.5 * module\n\n  # 基圆直径 (用于渐开线形状)\n  pressure_angle_radians = math.radians"}}}, "timestamp": "2025-12-22T03:14:45.328311Z"}
{"method": "session/update", "params": {"update": {"sessionUpdate": "agent_message_chunk", "content": {"type": "text", "text": "(pressure_angle_degrees)\n  base_diameter = pitch_diameter * math.cos(pressure_angle_radians)\n\n  return"}}}, "timestamp": "2025-12-22T03:14:45.726005Z"}
{"method": "session/update", "params": {"update": {"sessionUpdate": "agent_message_chunk", "content": {"type": "text", "text": " {\n    \"pitch_diameter\": round(pitch_diameter, 3),\n    \"tip_diameter\": round(tip_diameter, 3),\n    \"root_diameter"}}}, "timestamp": "2025-12-22T03:14:46.083353Z"}
{"method": "session/update", "params": {"update": {"sessionUpdate": "agent_message_chunk", "content": {"type": "text", "text": "\": round(root_diameter, 3),\n    \"base_diameter\": round(base_diameter, 3)\n  }\n\n# 示例用法\ntry:\n  m = float"}}}, "timestamp": "2025-12-22T03:14:46.648215Z"}
{"method": "session/update", "params": {"update": {"sessionUpdate": "agent_message_chunk", "content": {"type": "text", "text": "(input(\"请输入齿轮的模数 (module) (mm): \"))\n  z = int(input(\"请输入齿轮的齿数 (number of teeth): \"))\n  # pa = float(input(\""}}}, "timestamp": "2025-12-22T03:14:47.018276Z"}
{"method": "session/update", "params": {"update": {"sessionUpdate": "agent_message_chunk", "content": {"type": "text", "text": "请输入压力角 (pressure angle) (degrees, 默认20): \") or 20) # 可选输入\n\n  dimensions = calculate_gear_dimensions(m, z"}}}, "timestamp": "2025-12-22T03:14:47.493533Z"}
{"method": "session/update", "params": {"update": {"sessionUpdate": "agent_message_chunk", "content": {"type": "text", "text": ")\n\n  print(\"\\n计算结果:\")\n  print(f\"分度圆直径 (Pitch Diameter): {dimensions['pitch_diameter']} mm\")\n  print(f\"齿顶"}}}, "timestamp": "2025-12-22T03:14:47.905037Z"}
{"method": "session/update", "params": {"update": {"sessionUpdate": "agent_message_chunk", "content": {"type": "text", "text": "圆直径 (Tip/Outside Diameter): {dimensions['tip_diameter']} mm\")\n  print(f\"齿根圆直径 (Root Diameter): {dimensions"}}}, "timestamp": "2025-12-22T03:14:48.145212Z"}
{"method": "session/update", "params": {"update": {"sessionUpdate": "agent_message_chunk", "content": {"type": "text", "text": "['root_diameter']} mm\")\n  print(f\"基圆直径 (Base Diameter): {dimensions['base_diameter']} mm\")\n\nexcept ValueError as e:\n"}}}, "timestamp": "2025-12-22T03:14:48.473972Z"}
{"method": "session/update", "params": {"update": {"sessionUpdate": "agent_message_chunk", "content": {"type": "text", "text": "  print(f\"输入错误: {e}\")\nexcept Exception as e:\n  print(f\"计算出错: {e}\")\n\n```\n\n这段代码定义了一个 `calculate_gear_dimensions"}}}, "timestamp": "2025-12-22T03:14:48.873038Z"}
{"method": "session/update", "params": {"update": {"sessionUpdate": "agent_message_chunk", "content": {"type": "text", "text": "` 函数，它接受模数 `module` 和齿数 `num_teeth` 作为输入，可选择性地输入压力角 `pressure_angle_degrees`，然后返回一个包含分度圆、齿顶圆、齿根圆和基圆直径的字"}}}, "timestamp": "2025-12-22T03:14:49.545545Z"}
{"method": "session/prompt", "params": {"prompt": [{"type": "text", "text": "分析齿轮大小"}]}, "timestamp": "2025-12-22T03:15:04.129837Z"}
{"method": "session/update", "params": {"update": {"sessionUpdate": "agent_message_chunk", "content": {"type": "text", "text": "典。代码还包含了简单的用户输入提示和错误处理。好的，我们来详细分析一下齿轮大小的构成要素及其相关计算。\n\n齿轮的大小并不是一个单一的数值，而是由一系列相互关联的几何参数共同决定的。这些参数确保了齿轮能够"}}}, "timestamp": "2025-12-22T03:15:07.843412Z"}
{"method": "session/update", "params": {"update": {"sessionUpdate": "agent_message_chunk", "content": {"type": "text", "text": "正确啮合、平稳传动动力。\n\n### 核心决定因素\n\n1.  **模数 (Module, m)**: 这是齿轮设计中最基本最重要的参数之一。\n    *   **定义**: 模数是相邻两轮齿同侧齿廓间的弧长（周"}}}, "timestamp": "2025-12-22T03:15:08.811484Z"}
{"method": "session/update", "params": {"update": {"sessionUpdate": "agent_message_chunk", "content": {"type": "text", "text": "节 p）与圆周率 π 的比值，即 `m = p / π`。单位通常是毫米 (mm)。\n    *   **意义**: 模数代表了齿轮齿的大小。模数越大，单个轮齿就越大、越结实，能承受的载荷也越大。它是标准化的参数，"}}}, "timestamp": "2025-12-22T03:15:09.893288Z"}
{"method": "session/update", "params": {"update": {"sessionUpdate": "agent_message_chunk", "content": {"type": "text", "text": "两个需要啮合的齿轮必须具有相同的模数。\n    *   **计算关系**: 齿轮的许多其他尺寸都直接或间接依赖于模数。\n\n2.  **齿数 (Number of Teeth, z)**: 齿轮上轮齿的总数"}}}, "timestamp": "2025-12-22T03:15:10.929892Z"}
{"method": "session/update", "params": {"update": {"sessionUpdate": "agent_message_chunk", "content": {"type": "text", "text": "。\n    *   **意义**: 齿数决定了齿轮的直径大小以及与其他齿轮配合时的传动比 (`传动比 = z2 / z1`，其中 z1 是主动轮齿数，z2 是从动轮齿数)。\n\n### 主要几何尺寸\n\n基于模"}}}, "timestamp": "2025-12-22T03:15:11.942778Z"}
{"method": "session/update", "params": {"update": {"sessionUpdate": "agent_message_chunk", "content": {"type": "text", "text": "数 (m) 和齿数 (z)，可以计算出齿轮的主要尺寸：\n\n1.  **分度圆直径 (Pitch Diameter, d)**:\n    *   **定义**: 分度圆是设计和计算齿轮几何尺寸的基准圆。其直径是"}}}, "timestamp": "2025-12-22T03:15:12.636052Z"}
{"method": "session/update", "params": {"update": {"sessionUpdate": "agent_message_chunk", "content": {"type": "text", "text": "关键参数。\n    *   **计算公式**: `d = m * z`\n    *   **意义**: 它是决定齿轮大小的核心直径。在一对标准安装的齿轮中，它们的分度圆是相切的。\n\n2.  **齿顶圆直径"}}}, "timestamp": "2025-12-22T03:15:13.441776Z"}
{"method": "session/update", "params": {"update": {"sessionUpdate": "agent_message_chunk", "content": {"type": "text", "text": " (Tip/Outside Diameter, da)**:\n    *   **定义**: 齿轮齿顶部所在的圆的直径。\n    *   **计算公式**: 对于标准齿轮，`da = d + 2 * m` (齿"}}}, "timestamp": "2025-12-22T03:15:14.034368Z"}
{"method": "session/update", "params": {"update": {"sessionUpdate": "agent_message_chunk", "content": {"type": "text", "text": "顶高通常为 1 * m)。\n    *   **意义**: 代表了齿轮的最大外径。\n\n3.  **齿根圆直径 (Root Diameter, df)**:\n    *   **定义**: 齿轮齿槽底部所在的圆的"}}}, "timestamp": "2025-12-22T03:15:14.643493Z"}
{"method": "session/update", "params": {"update": {"sessionUpdate": "agent_message_chunk", "content": {"type": "text", "text": "直径。\n    *   **计算公式**: 对于标准齿轮，`df = d - 2.5 * m` (齿根高通常为 1.25 * m)。\n    *   **意义**: 代表了齿轮的最小径向尺寸，影响齿轮的整体"}}}, "timestamp": "2025-12-22T03:15:15.197757Z"}
{"method": "session/update", "params": {"update": {"sessionUpdate": "agent_message_chunk", "content": {"type": "text", "text": "强度和结构。\n\n4.  **基圆直径 (Base Diameter, db)**:\n    *   **定义**: 形成渐开线齿廓的理论基础圆的直径。渐开线是齿轮的标准齿形。\n    *   **计算公式**: `"}}}, "timestamp": "2025-12-22T03:15:15.951130Z"}
{"method": "session/update", "params": {"update": {"sessionUpdate": "agent_message_chunk", "content": {"type": "text", "text": "db = d * cos(α)`，其中 α 是压力角（Pressure Angle），标准值通常为 20° 或 14.5°。\n    *   **意义**: 虽然不直接表现为可见的物理边界，但它是决定齿廓形状的根本"}}}, "timestamp": "2025-12-22T03:15:16.756920Z"}
{"method": "session/update", "params": {"update": {"sessionUpdate": "agent_message_chunk", "content": {"type": "text", "text": "因素，对齿轮的啮合性能至关重要。\n\n5.  **齿宽 (Face Width, b)**:\n    *   **定义**: 齿轮沿其轴线方向的宽度。\n    *   **意义**: 虽然不是通过 `m`"}}}, "timestamp": "2025-12-22T03:15:17.473122Z"}
{"method": "session/update", "params": {"update": {"sessionUpdate": "agent_message_chunk", "content": {"type": "text", "text": " 和 `z` 直接计算得出，但它是决定齿轮承载能力的重要参数。通常根据经验或强度要求设定，有时会与分度圆直径或模数建立关系（例如 `b = k * m` 或 `b = k * d`，k 为系数）。\n\n###"}}}, "timestamp": "2025-12-22T03:15:18.564485Z"}
{"method": "session/update", "params": {"update": {"sessionUpdate": "agent_message_chunk", "content": {"type": "text", "text": " 总结\n\n分析齿轮大小，本质上就是理解上述这些几何参数。其中，**模数 (m)** 和 **齿数 (z)** 是最核心的两个参数，它们直接决定了齿轮的**分度圆直径**、**齿顶圆直径**和**齿根圆直径**。压力"}}}, "timestamp": "2025-12-22T03:15:19.399986Z"}
{"method": "session/update", "params": {"update": {"sessionUpdate": "agent_message_chunk", "content": {"type": "text", "text": "角则与模数、齿数一起影响**基圆直径**。而**齿宽**则是另一个独立但同样重要的尺寸参数，共同构成了齿轮的整体物理尺寸和承载能力。\n\n通过这些参数，工程师可以精确制造出符合设计要求且能与其他齿轮正确啮"}}}, "timestamp": "2025-12-22T03:15:20.306047Z"}
